g:\rader\rader_08_31\rader_08_31\debug\rader_08_31.pch
g:\rader\rader_08_31\rader_08_31\debug\vc120.pdb
g:\rader\rader_08_31\rader_08_31\debug\vc120.idb
g:\rader\rader_08_31\rader_08_31\debug\stdafx.obj
g:\rader\rader_08_31\rader_08_31\debug\classview.obj
g:\rader\rader_08_31\rader_08_31\debug\fileview.obj
g:\rader\rader_08_31\rader_08_31\debug\mainfrm.obj
g:\rader\rader_08_31\rader_08_31\debug\outputwnd.obj
g:\rader\rader_08_31\rader_08_31\debug\propertieswnd.obj
g:\rader\rader_08_31\rader_08_31\debug\rader_08_31.obj
g:\rader\rader_08_31\rader_08_31\debug\rader_08_31doc.obj
g:\rader\rader_08_31\rader_08_31\debug\rader_08_31view.obj
g:\rader\rader_08_31\rader_08_31\debug\viewtree.obj
g:\rader\rader_08_31\debug\rader_08_31.ilk
g:\rader\rader_08_31\debug\rader_08_31.exe
g:\rader\rader_08_31\debug\rader_08_31.pdb
g:\rader\rader_08_31\rader_08_31\debug\rader_08_31.res
g:\rader\rader_08_31\rader_08_31\debug\rader_08_31.tlog\cl.command.1.tlog
g:\rader\rader_08_31\rader_08_31\debug\rader_08_31.tlog\cl.read.1.tlog
g:\rader\rader_08_31\rader_08_31\debug\rader_08_31.tlog\cl.write.1.tlog
g:\rader\rader_08_31\rader_08_31\debug\rader_08_31.tlog\link.command.1.tlog
g:\rader\rader_08_31\rader_08_31\debug\rader_08_31.tlog\link.read.1.tlog
g:\rader\rader_08_31\rader_08_31\debug\rader_08_31.tlog\link.write.1.tlog
g:\rader\rader_08_31\rader_08_31\debug\rader_08_31.tlog\rc.command.1.tlog
g:\rader\rader_08_31\rader_08_31\debug\rader_08_31.tlog\rc.read.1.tlog
g:\rader\rader_08_31\rader_08_31\debug\rader_08_31.tlog\rc.write.1.tlog
